2024/02/21 14:06:53 [notice] 7#0: using the "epoll" event method
2024/02/21 14:06:53 [notice] 7#0: nginx/1.25.4
2024/02/21 14:06:53 [notice] 7#0: built by gcc 11.4.0 (Ubuntu 11.4.0-1ubuntu1~22.04) 
2024/02/21 14:06:53 [notice] 7#0: using the "epoll" event method
2024/02/21 14:06:53 [notice] 7#0: OS: Linux 5.15.49-linuxkit
2024/02/21 14:06:53 [notice] 7#0: getrlimit(RLIMIT_NOFILE): 1048576:1048576
2024/02/21 14:06:53 [notice] 7#0: nginx/1.25.4
2024/02/21 14:06:53 [notice] 7#0: built by gcc 11.4.0 (Ubuntu 11.4.0-1ubuntu1~22.04) 
2024/02/21 14:06:53 [notice] 7#0: OS: Linux 5.15.49-linuxkit
2024/02/21 14:06:53 [notice] 7#0: getrlimit(RLIMIT_NOFILE): 1048576:1048576
2024/02/21 14:06:53 [notice] 7#0: start worker processes
2024/02/21 14:06:53 [notice] 7#0: start worker processes
2024/02/21 14:06:53 [notice] 7#0: start worker process 8
2024/02/21 14:06:53 [notice] 7#0: start worker process 9
2024/02/21 14:06:53 [notice] 7#0: start worker process 8
2024/02/21 14:06:53 [notice] 8#0: sched_setaffinity(): using cpu #0
2024/02/21 14:06:53 [notice] 7#0: start worker process 9
2024/02/21 14:06:53 [notice] 8#0: sched_setaffinity(): using cpu #0
2024/02/21 14:06:53 [notice] 9#0: sched_setaffinity(): using cpu #1
2024/02/21 14:06:53 [notice] 7#0: start worker process 10
2024/02/21 14:06:53 [notice] 7#0: start worker process 10
2024/02/21 14:06:53 [notice] 10#0: sched_setaffinity(): using cpu #2
2024/02/21 14:06:53 [notice] 9#0: sched_setaffinity(): using cpu #1
2024/02/21 14:06:53 [notice] 7#0: start worker process 11
2024/02/21 14:06:53 [notice] 7#0: start worker process 11
2024/02/21 14:06:53 [notice] 10#0: sched_setaffinity(): using cpu #2
2024/02/21 14:06:53 [notice] 7#0: start worker process 12
2024/02/21 14:06:53 [notice] 11#0: sched_setaffinity(): using cpu #3
2024/02/21 14:06:53 [notice] 12#0: sched_setaffinity(): using cpu #0
2024/02/21 14:06:53 [notice] 7#0: start worker process 13
2024/02/21 14:06:53 [notice] 7#0: start worker process 14
2024/02/21 14:06:53 [notice] 7#0: start worker process 15
2024/02/21 14:06:53 [notice] 11#0: sched_setaffinity(): using cpu #3
2024/02/21 14:06:53 [notice] 7#0: start worker process 12
2024/02/21 14:06:53 [notice] 7#0: start worker process 13
2024/02/21 14:06:53 [notice] 12#0: sched_setaffinity(): using cpu #0
2024/02/21 14:06:53 [notice] 7#0: start worker process 14
2024/02/21 14:06:53 [notice] 13#0: sched_setaffinity(): using cpu #1
2024/02/21 14:06:53 [notice] 15#0: sched_setaffinity(): using cpu #3
2024/02/21 14:06:53 [notice] 7#0: start worker process 15
2024/02/21 14:06:53 [notice] 13#0: sched_setaffinity(): using cpu #1
2024/02/21 14:06:53 [notice] 14#0: sched_setaffinity(): using cpu #2
2024/02/21 14:06:53 [notice] 14#0: sched_setaffinity(): using cpu #2
2024/02/21 14:06:53 [notice] 15#0: sched_setaffinity(): using cpu #3
free(): invalid pointer
free(): invalid pointer
2024/02/21 14:07:08 [notice] 7#0: signal 17 (SIGCHLD) received from 15
2024/02/21 14:07:08 [alert] 7#0: worker process 15 exited on signal 6
2024/02/21 14:07:08 [notice] 7#0: start worker process 16
2024/02/21 14:07:08 [notice] 7#0: signal 29 (SIGIO) received
2024/02/21 14:07:08 [notice] 7#0: signal 17 (SIGCHLD) received from 10
2024/02/21 14:07:08 [alert] 7#0: worker process 10 exited on signal 6
2024/02/21 14:07:08 [notice] 16#0: sched_setaffinity(): using cpu #3
2024/02/21 14:07:08 [notice] 7#0: start worker process 16
2024/02/21 14:07:08 [notice] 16#0: sched_setaffinity(): using cpu #2
2024/02/21 14:07:08 [notice] 7#0: signal 29 (SIGIO) received
2024/02/21 14:33:26 [notice] 7#0: using the "epoll" event method
2024/02/21 14:33:26 [notice] 7#0: using the "epoll" event method
2024/02/21 14:33:26 [notice] 7#0: nginx/1.25.4
2024/02/21 14:33:26 [notice] 7#0: nginx/1.25.4
2024/02/21 14:33:26 [notice] 7#0: built by gcc 11.4.0 (Ubuntu 11.4.0-1ubuntu1~22.04) 
2024/02/21 14:33:26 [notice] 7#0: built by gcc 11.4.0 (Ubuntu 11.4.0-1ubuntu1~22.04) 
2024/02/21 14:33:26 [notice] 7#0: OS: Linux 5.15.133.1-microsoft-standard-WSL2
2024/02/21 14:33:26 [notice] 7#0: OS: Linux 5.15.133.1-microsoft-standard-WSL2
2024/02/21 14:33:26 [notice] 7#0: getrlimit(RLIMIT_NOFILE): 1048576:1048576
2024/02/21 14:33:26 [notice] 7#0: getrlimit(RLIMIT_NOFILE): 1048576:1048576
2024/02/21 14:33:26 [notice] 7#0: start worker processes
2024/02/21 14:33:26 [notice] 7#0: start worker processes
2024/02/21 14:33:26 [notice] 7#0: start worker process 8
2024/02/21 14:33:26 [notice] 7#0: start worker process 8
2024/02/21 14:33:26 [notice] 7#0: start worker process 9
2024/02/21 14:33:26 [notice] 7#0: start worker process 9
2024/02/21 14:33:26 [notice] 7#0: start worker process 10
2024/02/21 14:33:26 [notice] 7#0: start worker process 10
2024/02/21 14:33:26 [notice] 7#0: start worker process 11
2024/02/21 14:33:26 [notice] 7#0: start worker process 11
2024/02/21 14:33:26 [notice] 7#0: start worker process 12
2024/02/21 14:33:26 [notice] 7#0: start worker process 12
2024/02/21 14:33:26 [notice] 11#0: sched_setaffinity(): using cpu #3
2024/02/21 14:33:26 [notice] 8#0: sched_setaffinity(): using cpu #0
2024/02/21 14:33:26 [notice] 9#0: sched_setaffinity(): using cpu #1
2024/02/21 14:33:26 [notice] 10#0: sched_setaffinity(): using cpu #2
2024/02/21 14:33:26 [notice] 12#0: sched_setaffinity(): using cpu #4
2024/02/21 14:33:26 [notice] 12#0: sched_setaffinity(): using cpu #4
2024/02/21 14:33:26 [notice] 10#0: sched_setaffinity(): using cpu #2
2024/02/21 14:33:26 [notice] 7#0: start worker process 13
2024/02/21 14:33:26 [notice] 9#0: sched_setaffinity(): using cpu #1
2024/02/21 14:33:26 [notice] 7#0: start worker process 13
2024/02/21 14:33:26 [notice] 11#0: sched_setaffinity(): using cpu #3
2024/02/21 14:33:26 [notice] 8#0: sched_setaffinity(): using cpu #0
2024/02/21 14:33:26 [notice] 13#0: sched_setaffinity(): using cpu #5
2024/02/21 14:33:26 [notice] 13#0: sched_setaffinity(): using cpu #5
2024/02/21 14:33:26 [notice] 7#0: start worker process 14
2024/02/21 14:33:26 [notice] 14#0: sched_setaffinity(): using cpu #6
2024/02/21 14:33:26 [notice] 7#0: start worker process 14
2024/02/21 14:33:26 [notice] 7#0: start worker process 15
2024/02/21 14:33:26 [notice] 7#0: start worker process 15
2024/02/21 14:33:26 [notice] 14#0: sched_setaffinity(): using cpu #6
2024/02/21 14:33:26 [notice] 15#0: sched_setaffinity(): using cpu #7
2024/02/21 14:33:26 [notice] 7#0: start worker process 16
2024/02/21 14:33:26 [notice] 7#0: start worker process 17
2024/02/21 14:33:26 [notice] 7#0: start worker process 18
2024/02/21 14:33:26 [notice] 16#0: sched_setaffinity(): using cpu #0
2024/02/21 14:33:26 [notice] 16#0: sched_setaffinity(): using cpu #0
2024/02/21 14:33:26 [notice] 18#0: sched_setaffinity(): using cpu #2
2024/02/21 14:33:26 [notice] 15#0: sched_setaffinity(): using cpu #7
2024/02/21 14:33:26 [notice] 17#0: sched_setaffinity(): using cpu #1
2024/02/21 14:33:26 [notice] 7#0: start worker process 16
2024/02/21 14:33:26 [notice] 7#0: start worker process 19
2024/02/21 14:33:26 [notice] 19#0: sched_setaffinity(): using cpu #3
2024/02/21 14:33:26 [notice] 7#0: start worker process 20
2024/02/21 14:33:26 [notice] 20#0: sched_setaffinity(): using cpu #4
2024/02/21 14:33:26 [notice] 7#0: start worker process 17
2024/02/21 14:33:26 [notice] 17#0: sched_setaffinity(): using cpu #1
2024/02/21 14:33:26 [notice] 7#0: start worker process 21
2024/02/21 14:33:26 [notice] 7#0: start worker process 18
2024/02/21 14:33:26 [notice] 7#0: start worker process 22
2024/02/21 14:33:26 [notice] 7#0: start worker process 19
2024/02/21 14:33:26 [notice] 7#0: start worker process 20
2024/02/21 14:33:26 [notice] 18#0: sched_setaffinity(): using cpu #2
2024/02/21 14:33:26 [notice] 7#0: start worker process 21
2024/02/21 14:33:26 [notice] 19#0: sched_setaffinity(): using cpu #3
2024/02/21 14:33:26 [notice] 7#0: start worker process 22
2024/02/21 14:33:26 [notice] 21#0: sched_setaffinity(): using cpu #5
2024/02/21 14:33:26 [notice] 7#0: start worker process 23
2024/02/21 14:33:26 [notice] 21#0: sched_setaffinity(): using cpu #5
2024/02/21 14:33:26 [notice] 20#0: sched_setaffinity(): using cpu #4
2024/02/21 14:33:26 [notice] 22#0: sched_setaffinity(): using cpu #6
2024/02/21 14:33:26 [notice] 7#0: start worker process 23
2024/02/21 14:33:26 [notice] 22#0: sched_setaffinity(): using cpu #6
2024/02/21 14:33:26 [notice] 23#0: sched_setaffinity(): using cpu #7
2024/02/21 14:33:26 [notice] 23#0: sched_setaffinity(): using cpu #7
free(): invalid pointer
free(): invalid pointer
2024/02/21 14:33:56 [notice] 7#0: signal 17 (SIGCHLD) received from 17
2024/02/21 14:33:56 [notice] 7#0: signal 17 (SIGCHLD) received from 22
2024/02/21 14:33:56 [alert] 7#0: worker process 17 exited on signal 6
2024/02/21 14:33:56 [alert] 7#0: worker process 22 exited on signal 6
2024/02/21 14:33:56 [notice] 7#0: start worker process 24
2024/02/21 14:33:56 [notice] 7#0: start worker process 24
2024/02/21 14:33:56 [notice] 7#0: signal 29 (SIGIO) received
2024/02/21 14:33:56 [notice] 7#0: signal 29 (SIGIO) received
2024/02/21 14:33:56 [notice] 24#0: sched_setaffinity(): using cpu #6
2024/02/21 14:33:56 [notice] 24#0: sched_setaffinity(): using cpu #1
free(): invalid pointer
2024/02/21 14:34:10 [notice] 7#0: signal 17 (SIGCHLD) received from 11
2024/02/21 14:34:10 [alert] 7#0: worker process 11 exited on signal 6
2024/02/21 14:34:10 [notice] 7#0: start worker process 25
2024/02/21 14:34:10 [notice] 7#0: signal 29 (SIGIO) received
2024/02/21 14:34:10 [notice] 25#0: sched_setaffinity(): using cpu #3
free(): invalid pointer
2024/02/21 14:34:12 [notice] 7#0: signal 17 (SIGCHLD) received from 17
2024/02/21 14:34:12 [alert] 7#0: worker process 17 exited on signal 6
2024/02/21 14:34:12 [notice] 7#0: start worker process 25
2024/02/21 14:34:12 [notice] 7#0: signal 29 (SIGIO) received
2024/02/21 14:34:12 [notice] 25#0: sched_setaffinity(): using cpu #1
free(): invalid pointer
2024/02/21 14:34:24 [notice] 7#0: signal 17 (SIGCHLD) received from 8
2024/02/21 14:34:24 [alert] 7#0: worker process 8 exited on signal 6
2024/02/21 14:34:24 [notice] 7#0: start worker process 26
2024/02/21 14:34:24 [notice] 7#0: signal 29 (SIGIO) received
2024/02/21 14:34:24 [notice] 26#0: sched_setaffinity(): using cpu #0
free(): invalid pointer
2024/02/21 14:34:27 [notice] 7#0: signal 17 (SIGCHLD) received from 22
2024/02/21 14:34:27 [alert] 7#0: worker process 22 exited on signal 6
2024/02/21 14:34:27 [notice] 7#0: start worker process 26
2024/02/21 14:34:27 [notice] 7#0: signal 29 (SIGIO) received
2024/02/21 14:34:27 [notice] 26#0: sched_setaffinity(): using cpu #6
free(): invalid pointer
2024/02/21 14:34:49 [notice] 7#0: signal 17 (SIGCHLD) received from 8
2024/02/21 14:34:49 [alert] 7#0: worker process 8 exited on signal 6
2024/02/21 14:34:49 [notice] 7#0: start worker process 27
2024/02/21 14:34:49 [notice] 7#0: signal 29 (SIGIO) received
2024/02/21 14:34:49 [notice] 27#0: sched_setaffinity(): using cpu #0
free(): invalid pointer
2024/02/21 14:34:51 [notice] 7#0: signal 17 (SIGCHLD) received from 20
2024/02/21 14:34:51 [alert] 7#0: worker process 20 exited on signal 6
2024/02/21 14:34:51 [notice] 7#0: start worker process 27
2024/02/21 14:34:51 [notice] 7#0: signal 29 (SIGIO) received
2024/02/21 14:34:51 [notice] 27#0: sched_setaffinity(): using cpu #4
free(): invalid pointer
2024/02/21 14:35:01 [notice] 7#0: signal 17 (SIGCHLD) received from 14
2024/02/21 14:35:01 [alert] 7#0: worker process 14 exited on signal 6
2024/02/21 14:35:01 [notice] 7#0: start worker process 28
2024/02/21 14:35:01 [notice] 7#0: signal 29 (SIGIO) received
2024/02/21 14:35:01 [notice] 28#0: sched_setaffinity(): using cpu #6
